[plugins] plugins.allow is empty; discovered non-bundled plugins may auto-load: adp-openclaw (/root/.openclaw/extensions/adp-openclaw/index.ts), ddingtalk (/root/.openclaw/extensions/ddingtalk/index.ts), lightclawbot (/root/.openclaw/extensions/lightclawbot/dist/index.js), memory-tdai (/root/.openclaw/extensions/memory-tdai/index.ts), openclaw-plugin-yuanbao (/root/.openclaw/extensions/openclaw-plugin-yuanbao/dist/index.js), openclaw-qqbot (/root/.openclaw/extensions/openclaw-qqbot/dist/index.js) (+2 more). Set plugins.allow to explicit trusted ids.
[adp-openclaw] register() called - starting plugin registration
[plugins] [adp-openclaw] Plugin register() called
[adp-openclaw] Registering tool factory: adp_upload_file
[plugins] [adp-openclaw] Registering tool factory: adp_upload_file
[adp-openclaw] Tool adp_upload_file registered successfully
[plugins] [adp-openclaw] Tool adp_upload_file registered successfully
[adp-openclaw] Plugin registration complete
[plugins] [adp-openclaw] Plugin registration complete
[qqbot-channel-api] No QQBot accounts configured, skipping
[qqbot-remind] Registered QQBot remind tool
[adp-openclaw] register() called - starting plugin registration
[plugins] [adp-openclaw] Plugin register() called
[adp-openclaw] Registering tool factory: adp_upload_file
[plugins] [adp-openclaw] Registering tool factory: adp_upload_file
[adp-openclaw] Tool adp_upload_file registered successfully
[plugins] [adp-openclaw] Tool adp_upload_file registered successfully
[adp-openclaw] Plugin registration complete
[plugins] [adp-openclaw] Plugin registration complete
[qqbot-channel-api] No QQBot accounts configured, skipping
[qqbot-remind] Registered QQBot remind tool
[adp-openclaw] register() called - starting plugin registration
[plugins] [adp-openclaw] Plugin register() called
[adp-openclaw] Registering tool factory: adp_upload_file
[plugins] [adp-openclaw] Registering tool factory: adp_upload_file
[adp-openclaw] Tool adp_upload_file registered successfully
[plugins] [adp-openclaw] Tool adp_upload_file registered successfully
[adp-openclaw] Plugin registration complete
[plugins] [adp-openclaw] Plugin registration complete
[qqbot-channel-api] No QQBot accounts configured, skipping
[qqbot-remind] Registered QQBot remind tool
[adp-openclaw] register() called - starting plugin registration
[plugins] [adp-openclaw] Plugin register() called
[adp-openclaw] Registering tool factory: adp_upload_file
[plugins] [adp-openclaw] Registering tool factory: adp_upload_file
[adp-openclaw] Tool adp_upload_file registered successfully
[plugins] [adp-openclaw] Tool adp_upload_file registered successfully
[adp-openclaw] Plugin registration complete
[plugins] [adp-openclaw] Plugin registration complete
[qqbot-channel-api] No QQBot accounts configured, skipping
[qqbot-remind] Registered QQBot remind tool
[plugins] plugins.allow is empty; discovered non-bundled plugins may auto-load: adp-openclaw (/root/.openclaw/extensions/adp-openclaw/index.ts), ddingtalk (/root/.openclaw/extensions/ddingtalk/index.ts), lightclawbot (/root/.openclaw/extensions/lightclawbot/dist/index.js), memory-tdai (/root/.openclaw/extensions/memory-tdai/index.ts), openclaw-plugin-yuanbao (/root/.openclaw/extensions/openclaw-plugin-yuanbao/dist/index.js), openclaw-qqbot (/root/.openclaw/extensions/openclaw-qqbot/dist/index.js) (+2 more). Set plugins.allow to explicit trusted ids.
[adp-openclaw] register() called - starting plugin registration
[plugins] [adp-openclaw] Plugin register() called
[adp-openclaw] Registering tool factory: adp_upload_file
[plugins] [adp-openclaw] Registering tool factory: adp_upload_file
[adp-openclaw] Tool adp_upload_file registered successfully
[plugins] [adp-openclaw] Tool adp_upload_file registered successfully
[adp-openclaw] Plugin registration complete
[plugins] [adp-openclaw] Plugin registration complete
[qqbot-channel-api] No QQBot accounts configured, skipping
[qqbot-remind] Registered QQBot remind tool
[adp-openclaw] register() called - starting plugin registration
[plugins] [adp-openclaw] Plugin register() called
[adp-openclaw] Registering tool factory: adp_upload_file
[plugins] [adp-openclaw] Registering tool factory: adp_upload_file
[adp-openclaw] Tool adp_upload_file registered successfully
[plugins] [adp-openclaw] Tool adp_upload_file registered successfully
[adp-openclaw] Plugin registration complete
[plugins] [adp-openclaw] Plugin registration complete
[qqbot-channel-api] No QQBot accounts configured, skipping
[qqbot-remind] Registered QQBot remind tool
[adp-openclaw] register() called - starting plugin registration
[plugins] [adp-openclaw] Plugin register() called
[adp-openclaw] Registering tool factory: adp_upload_file
[plugins] [adp-openclaw] Registering tool factory: adp_upload_file
[adp-openclaw] Tool adp_upload_file registered successfully
[plugins] [adp-openclaw] Tool adp_upload_file registered successfully
[adp-openclaw] Plugin registration complete
[plugins] [adp-openclaw] Plugin registration complete
[qqbot-channel-api] No QQBot accounts configured, skipping
[qqbot-remind] Registered QQBot remind tool
[adp-openclaw] register() called - starting plugin registration
[plugins] [adp-openclaw] Plugin register() called
[adp-openclaw] Registering tool factory: adp_upload_file
[plugins] [adp-openclaw] Registering tool factory: adp_upload_file
[adp-openclaw] Tool adp_upload_file registered successfully
[plugins] [adp-openclaw] Tool adp_upload_file registered successfully
[adp-openclaw] Plugin registration complete
[plugins] [adp-openclaw] Plugin registration complete
[qqbot-channel-api] No QQBot accounts configured, skipping
[qqbot-remind] Registered QQBot remind tool
Error: gateway timeout after 30000ms
Gateway target: ws://127.0.0.1:18789
Source: local loopback
Config: /root/.openclaw/openclaw.json
Bind: loopback
